<?xml version="1.0" encoding="UTF-8"?>
<testsuite xmlns:xsi="http://www.w3.org/2001/XMLSchema-instance" xsi:noNamespaceSchemaLocation="https://maven.apache.org/surefire/maven-surefire-plugin/xsd/surefire-test-report.xsd" version="3.0.2" name="com.cinema.api_gateaway.ApiGateawayApplicationTests" time="3.655" tests="1" errors="0" skipped="0" failures="0">
  <properties>
[...]
</properties>
  <testcase name="contextLoads" classname="com.cinema.api_gateaway.ApiGateawayApplicationTests" time="0.669">
    <system-out><![CDATA[19:18:55.957 [main] INFO org.springframework.test.context.support.AnnotationConfigContextLoaderUtils -- Could not detect default configuration classes for test class [com.cinema.api_gateaway.ApiGateawayApplicationTests]: ApiGateawayApplicationTests does not declare any static, non-private, non-final, nested classes annotated with @Configuration.
19:18:56.059 [main] INFO org.springframework.boot.test.context.SpringBootTestContextBootstrapper -- Found @SpringBootConfiguration com.cinema.api_gateaway.ApiGateawayApplication for test class com.cinema.api_gateaway.ApiGateawayApplicationTests

  .   ____          _            __ _ _
 /\\ / ___'_ __ _ _(_)_ __  __ _ \ \ \ \
( ( )\___ | '_ | '_| | '_ \/ _` | \ \ \ \
 \\/  ___)| |_)| | | | | || (_| |  ) ) ) )
  '  |____| .__|_| |_|_| |_\__, | / / / /
 =========|_|==============|___/=/_/_/_/

 :: Spring Boot ::               (v3.4.12)

2025-12-16T19:18:56.816+01:00  INFO 24732 --- [           main] c.c.a.ApiGateawayApplicationTests        : Starting ApiGateawayApplicationTests using Java 17.0.17 with PID 24732 (started by zizou in C:\Users\zizou\cinema-soa-project\services\api-gateaway)
2025-12-16T19:18:56.817+01:00  INFO 24732 --- [           main] c.c.a.ApiGateawayApplicationTests        : No active profile set, falling back to 1 default profile: "default"
2025-12-16T19:18:57.528+01:00  INFO 24732 --- [           main] o.s.cloud.context.scope.GenericScope     : BeanFactory id=3cc60e69-5865-3356-b87f-20d03d6f9b77
2025-12-16T19:18:58.365+01:00  INFO 24732 --- [           main] o.s.c.g.r.RouteDefinitionRouteLocator    : Loaded RoutePredicateFactory [After]
2025-12-16T19:18:58.366+01:00  INFO 24732 --- [           main] o.s.c.g.r.RouteDefinitionRouteLocator    : Loaded RoutePredicateFactory [Before]
2025-12-16T19:18:58.366+01:00  INFO 24732 --- [           main] o.s.c.g.r.RouteDefinitionRouteLocator    : Loaded RoutePredicateFactory [Between]
2025-12-16T19:18:58.366+01:00  INFO 24732 --- [           main] o.s.c.g.r.RouteDefinitionRouteLocator    : Loaded RoutePredicateFactory [Cookie]
2025-12-16T19:18:58.366+01:00  INFO 24732 --- [           main] o.s.c.g.r.RouteDefinitionRouteLocator    : Loaded RoutePredicateFactory [Header]
2025-12-16T19:18:58.366+01:00  INFO 24732 --- [           main] o.s.c.g.r.RouteDefinitionRouteLocator    : Loaded RoutePredicateFactory [Host]
2025-12-16T19:18:58.366+01:00  INFO 24732 --- [           main] o.s.c.g.r.RouteDefinitionRouteLocator    : Loaded RoutePredicateFactory [Method]
2025-12-16T19:18:58.366+01:00  INFO 24732 --- [           main] o.s.c.g.r.RouteDefinitionRouteLocator    : Loaded RoutePredicateFactory [Path]
2025-12-16T19:18:58.366+01:00  INFO 24732 --- [           main] o.s.c.g.r.RouteDefinitionRouteLocator    : Loaded RoutePredicateFactory [Query]
2025-12-16T19:18:58.366+01:00  INFO 24732 --- [           main] o.s.c.g.r.RouteDefinitionRouteLocator    : Loaded RoutePredicateFactory [ReadBody]
2025-12-16T19:18:58.366+01:00  INFO 24732 --- [           main] o.s.c.g.r.RouteDefinitionRouteLocator    : Loaded RoutePredicateFactory [RemoteAddr]
2025-12-16T19:18:58.366+01:00  INFO 24732 --- [           main] o.s.c.g.r.RouteDefinitionRouteLocator    : Loaded RoutePredicateFactory [XForwardedRemoteAddr]
2025-12-16T19:18:58.366+01:00  INFO 24732 --- [           main] o.s.c.g.r.RouteDefinitionRouteLocator    : Loaded RoutePredicateFactory [Weight]
2025-12-16T19:18:58.366+01:00  INFO 24732 --- [           main] o.s.c.g.r.RouteDefinitionRouteLocator    : Loaded RoutePredicateFactory [CloudFoundryRouteService]
2025-12-16T19:18:58.766+01:00  INFO 24732 --- [           main] c.c.a.ApiGateawayApplicationTests        : Started ApiGateawayApplicationTests in 2.377 seconds (process running for 3.435)
]]></system-out>
  </testcase>
</testsuite>